<?xml version="1.0" encoding="UTF-8"?>
<!-- Generated by org.testng.reporters.JUnitReportReporter -->
<testsuite name="TestNG_Script1" tests="1" time="0.000" ignored="0" failures="0" timestamp="02 May 2021 07:48:28 GMT" skipped="0" hostname="DESKTOP-N8ONKNK" errors="0">
  <testcase name="test1" time="0.000" classname="TestNG_Script1"/>
</testsuite> <!-- TestNG_Script1 -->
