<?xml version="1.0" encoding="UTF-8"?>
<!-- Generated by org.testng.reporters.JUnitReportReporter -->
<testsuite name="com.google.GooglePage" tests="1" time="0.193" ignored="0" failures="0" timestamp="03 May 2021 07:35:25 GMT" skipped="0" hostname="DESKTOP-N8ONKNK" errors="0">
  <testcase name="Google" time="0.193" classname="com.google.GooglePage"/>
</testsuite> <!-- com.google.GooglePage -->
