<?xml version="1.0" encoding="UTF-8"?>
<!-- Generated by org.testng.reporters.JUnitReportReporter -->
<testsuite name="com.google.google" tests="1" time="0.695" ignored="0" failures="0" timestamp="03 May 2021 07:20:31 GMT" skipped="0" hostname="DESKTOP-N8ONKNK" errors="0">
  <testcase name="Search" time="0.695" classname="com.google.google"/>
</testsuite> <!-- com.google.google -->
